BUILD: Computing Include file dependencies:
BUILD: Examining c:\driver_test\hoglund\13.hooking_idt\sys directory for files to compile.
BUILD: c:\driver_test\hoglund\13.hooking_idt\sys: Interesting sources extension: rk_interrupt.h
BUILD: c:\driver_test\hoglund\13.hooking_idt\sys: Interesting sources extension: basic.h
BUILD: c:\driver_test\hoglund\13.hooking_idt\sys: Interesting sources extension: rk_interrupt.h
BUILD: c:\driver_test\hoglund\13.hooking_idt\sys: Interesting sources extension: basic.h
BUILD: c:\driver_test\hoglund\13.hooking_idt\sys: Interesting sources extension: rk_interrupt.h
BUILD: c:\driver_test\hoglund\13.hooking_idt\sys: Interesting sources extension: basic.h
Compiling c:\driver_test\hoglund\13.hooking_idt\sys directory ********************
'nmake.exe /c BUILDMSG=Stop. -i NTTEST= UMTEST= NOLINK=1 NOPASS0=1 386=1'
cl -nologo -Ii386\ -I. -Iobjchk\i386 -IC:\WINDDK\2600\\inc\wxp -IC:\WINDDK\2600\\inc\wxp -IC:\WINDDK\2600\\inc\ddk\wxp -IC:\WINDDK\2600\\inc\ddk\wdm\wxp -IC:\WINDDK\2600\\inc\crt -D_X86_=1 -Di386=1  -DSTD_CALL -DCONDITION_HANDLING=1   -DNT_INST=0 -DWIN32=100 -D_NT1X_=100 -DWINNT=1 -D_WIN32_WINNT=0x0501 /DWINVER=0x0501 -D_WIN32_IE=0x0600    -DWIN32_LEAN_AND_MEAN=1 -DDBG=1 -DDEVL=1 -D__BUILDMACHINE__=WinDDK -DFPO=0  -DNDEBUG -D_DLL=1      /c /Zel /Zp8 /Gy -cbstring /W3 /WX /Gz  /QIfdiv- /QIf /G6 /Gi- /Gm- /GX-  /GR- /GF  -Z7 /Od /Oi /Oy-   -FIC:\WINDDK\2600\\inc\wxp\warning.h   .\rk_interrupt.c
rk_interrupt.c
c:\driver_test\hoglund\13.hooking_IDT\Sys\rk_interrupt.c(52) : error C2220: warning treated as error - no object file generated
c:\driver_test\hoglund\13.hooking_IDT\Sys\rk_interrupt.c(52) : warning C4102: 'PrintDebug' : unreferenced label
c:\driver_test\hoglund\13.hooking_IDT\Sys\rk_interrupt.c(52) : warning C4102: 'TestSyscallLimit' : unreferenced label
c:\driver_test\hoglund\13.hooking_IDT\Sys\rk_interrupt.c(52) : warning C4102: 'TestPID' : unreferenced label
c:\driver_test\hoglund\13.hooking_IDT\Sys\rk_interrupt.c(58) : warning C4018: '>=' : signed/unsigned mismatch
c:\driver_test\hoglund\13.hooking_IDT\Sys\rk_interrupt.c(116) : warning C4047: '=' : 'unsigned long *' differs in levels of indirection from 'unsigned long'
c:\driver_test\hoglund\13.hooking_IDT\Sys\rk_interrupt.c(123) : warning C4047: '=' : 'unsigned long *' differs in levels of indirection from 'PUNICODE_STRING * '
c:\driver_test\hoglund\13.hooking_IDT\Sys\rk_interrupt.c(124) : warning C4047: 'function' : 'PCUNICODE_STRING' differs in levels of indirection from 'unsigned long'
cl -nologo -Ii386\ -I. -Iobjchk\i386 -IC:\WINDDK\2600\\inc\wxp -IC:\WINDDK\2600\\inc\wxp -IC:\WINDDK\2600\\inc\ddk\wxp -IC:\WINDDK\2600\\inc\ddk\wdm\wxp -IC:\WINDDK\2600\\inc\crt -D_X86_=1 -Di386=1  -DSTD_CALL -DCONDITION_HANDLING=1   -DNT_INST=0 -DWIN32=100 -D_NT1X_=100 -DWINNT=1 -D_WIN32_WINNT=0x0501 /DWINVER=0x0501 -D_WIN32_IE=0x0600    -DWIN32_LEAN_AND_MEAN=1 -DDBG=1 -DDEVL=1 -D__BUILDMACHINE__=WinDDK -DFPO=0  -DNDEBUG -D_DLL=1      /c /Zel /Zp8 /Gy -cbstring /W3 /WX /Gz  /QIfdiv- /QIf /G6 /Gi- /Gm- /GX-  /GR- /GF  -Z7 /Od /Oi /Oy-   -FIC:\WINDDK\2600\\inc\wxp\warning.h   .\basic.c
basic.c
c:\driver_test\hoglund\13.hooking_IDT\Sys\basic.c(224) : error C2220: warning treated as error - no object file generated
c:\driver_test\hoglund\13.hooking_IDT\Sys\basic.c(224) : warning C4047: 'function' : 'PDEVICE_OBJECT * ' differs in levels of indirection from 'DEVICE_OBJECT *'

Stop.
Compile errors: not linking c:\driver_test\hoglund\13.hooking_idt\sys directory ********************
