BUILD: Computing Include file dependencies:
BUILD: Examining c:\driver_test\hoglund\11. hooking ssdt _ hiding process name directory for files to compile.
Compiling c:\driver_test\hoglund\11. hooking ssdt _ hiding process name directory ********************
'nmake.exe /c BUILDMSG=Stop. -i NTTEST= UMTEST= NOLINK=1 NOPASS0=1 386=1'
	jvc /nologo /cp C:\WINDDK\2600\\public\sdk\classes\afc.zip;C:\WINDDK\2600\\public\sdk\classes\classes.zip;C:\driver_test\hoglund\11.HookingSSDT_hidingprocessname; /g /w4 /d objchk\i386 
'jvc' is not recognized as an internal or external command,
operable program or batch file.
	jvc /nologo /cp C:\WINDDK\2600\\public\sdk\classes\afc.zip;C:\WINDDK\2600\\public\sdk\classes\classes.zip;C:\driver_test\hoglund\11.HookingSSDT_hidingprocessname; /g /w4 /d objchk\i386 
'jvc' is not recognized as an internal or external command,
operable program or batch file.
	jvc /nologo /cp C:\WINDDK\2600\\public\sdk\classes\afc.zip;C:\WINDDK\2600\\public\sdk\classes\classes.zip;C:\driver_test\hoglund\11.HookingSSDT_hidingprocessname; /g /w4 /d objchk\i386 
'jvc' is not recognized as an internal or external command,
operable program or batch file.
	jvc /nologo /cp C:\WINDDK\2600\\public\sdk\classes\afc.zip;C:\WINDDK\2600\\public\sdk\classes\classes.zip;C:\driver_test\hoglund\11.HookingSSDT_hidingprocessname; /g /w4 /d objchk\i386 
'jvc' is not recognized as an internal or external command,
operable program or batch file.
	jvc /nologo /cp C:\WINDDK\2600\\public\sdk\classes\afc.zip;C:\WINDDK\2600\\public\sdk\classes\classes.zip;C:\driver_test\hoglund\11.HookingSSDT_hidingprocessname; /g /w4 /d objchk\i386 
'jvc' is not recognized as an internal or external command,
operable program or batch file.
	jvc /nologo /cp C:\WINDDK\2600\\public\sdk\classes\afc.zip;C:\WINDDK\2600\\public\sdk\classes\classes.zip;C:\driver_test\hoglund\11.HookingSSDT_hidingprocessname; /g /w4 /d objchk\i386 
'jvc' is not recognized as an internal or external command,
operable program or batch file.
	jvc /nologo /cp C:\WINDDK\2600\\public\sdk\classes\afc.zip;C:\WINDDK\2600\\public\sdk\classes\classes.zip;C:\driver_test\hoglund\11.HookingSSDT_hidingprocessname; /g /w4 /d objchk\i386 
'jvc' is not recognized as an internal or external command,
operable program or batch file.
Linking c:\driver_test\hoglund\11. hooking ssdt _ hiding process name directory ********************
'nmake.exe /c BUILDMSG=Stop. -i LINKONLY=1 NOPASS0=1 NTTEST= UMTEST= 386=1'
	jvc /nologo /cp C:\WINDDK\2600\\public\sdk\classes\afc.zip;C:\WINDDK\2600\\public\sdk\classes\classes.zip;C:\driver_test\hoglund\11.HookingSSDT_hidingprocessname; /g /w4 /d objchk\i386 
'jvc' is not recognized as an internal or external command,
operable program or batch file.
	jvc /nologo /cp C:\WINDDK\2600\\public\sdk\classes\afc.zip;C:\WINDDK\2600\\public\sdk\classes\classes.zip;C:\driver_test\hoglund\11.HookingSSDT_hidingprocessname; /g /w4 /d objchk\i386 
'jvc' is not recognized as an internal or external command,
operable program or batch file.
	jvc /nologo /cp C:\WINDDK\2600\\public\sdk\classes\afc.zip;C:\WINDDK\2600\\public\sdk\classes\classes.zip;C:\driver_test\hoglund\11.HookingSSDT_hidingprocessname; /g /w4 /d objchk\i386 
'jvc' is not recognized as an internal or external command,
operable program or batch file.
	jvc /nologo /cp C:\WINDDK\2600\\public\sdk\classes\afc.zip;C:\WINDDK\2600\\public\sdk\classes\classes.zip;C:\driver_test\hoglund\11.HookingSSDT_hidingprocessname; /g /w4 /d objchk\i386 
'jvc' is not recognized as an internal or external command,
operable program or batch file.
	jvc /nologo /cp C:\WINDDK\2600\\public\sdk\classes\afc.zip;C:\WINDDK\2600\\public\sdk\classes\classes.zip;C:\driver_test\hoglund\11.HookingSSDT_hidingprocessname; /g /w4 /d objchk\i386 
'jvc' is not recognized as an internal or external command,
operable program or batch file.
	jvc /nologo /cp C:\WINDDK\2600\\public\sdk\classes\afc.zip;C:\WINDDK\2600\\public\sdk\classes\classes.zip;C:\driver_test\hoglund\11.HookingSSDT_hidingprocessname; /g /w4 /d objchk\i386 
'jvc' is not recognized as an internal or external command,
operable program or batch file.
	jvc /nologo /cp C:\WINDDK\2600\\public\sdk\classes\afc.zip;C:\WINDDK\2600\\public\sdk\classes\classes.zip;C:\driver_test\hoglund\11.HookingSSDT_hidingprocessname; /g /w4 /d objchk\i386 
'jvc' is not recognized as an internal or external command,
operable program or batch file.
