BUILD: Computing Include file dependencies:
BUILD: Examining c:\driver_test\hoglund\13.hooking_idt\sys directory for files to compile.
Compiling c:\driver_test\hoglund\13.hooking_idt\sys directory ********************
'nmake.exe /c BUILDMSG=Stop. -i NTTEST= UMTEST= NOLINK=1 NOPASS0=1 386=1'
cl -nologo -Ii386\ -I. -Iobjchk\i386 -IC:\WINDDK\2600\\inc\wxp -IC:\WINDDK\2600\\inc\wxp -IC:\WINDDK\2600\\inc\ddk\wxp -IC:\WINDDK\2600\\inc\ddk\wdm\wxp -IC:\WINDDK\2600\\inc\crt -D_X86_=1 -Di386=1  -DSTD_CALL -DCONDITION_HANDLING=1   -DNT_INST=0 -DWIN32=100 -D_NT1X_=100 -DWINNT=1 -D_WIN32_WINNT=0x0501 /DWINVER=0x0501 -D_WIN32_IE=0x0600    -DWIN32_LEAN_AND_MEAN=1 -DDBG=1 -DDEVL=1 -D__BUILDMACHINE__=WinDDK -DFPO=0  -DNDEBUG -D_DLL=1      /c /Zel /Zp8 /Gy -cbstring /W3 /WX /Gz  /QIfdiv- /QIf /G6 /Gi- /Gm- /GX-  /GR- /GF  -Z7 /Od /Oi /Oy-   -FIC:\WINDDK\2600\\inc\wxp\warning.h   .\rk_interrupt.c
rk_interrupt.c
c:\driver_test\hoglund\13.hooking_IDT\Sys\rk_interrupt.c(144) : error C4013: 'DebugPrint' undefined; assuming extern returning int
c:\driver_test\hoglund\13.hooking_IDT\Sys\rk_interrupt.c(145) : error C2275: 'IDTINFO' : illegal use of this type as an expression
        c:\driver_test\hoglund\13.hooking_IDT\Sys\rk_interrupt.h(73) : see declaration of 'IDTINFO'
c:\driver_test\hoglund\13.hooking_IDT\Sys\rk_interrupt.c(145) : error C2146: syntax error : missing ';' before identifier 'idt_info'
c:\driver_test\hoglund\13.hooking_IDT\Sys\rk_interrupt.c(145) : error C2144: syntax error : '<Unknown>' should be preceded by '<Unknown>'
c:\driver_test\hoglund\13.hooking_IDT\Sys\rk_interrupt.c(145) : error C2144: syntax error : '<Unknown>' should be preceded by '<Unknown>'
c:\driver_test\hoglund\13.hooking_IDT\Sys\rk_interrupt.c(145) : error C2143: syntax error : missing ';' before 'identifier'
c:\driver_test\hoglund\13.hooking_IDT\Sys\rk_interrupt.c(145) : error C2065: 'idt_info' : undeclared identifier
c:\driver_test\hoglund\13.hooking_IDT\Sys\rk_interrupt.c(146) : error C2275: 'IDTENTRY' : illegal use of this type as an expression
        c:\driver_test\hoglund\13.hooking_IDT\Sys\rk_interrupt.h(65) : see declaration of 'IDTENTRY'
c:\driver_test\hoglund\13.hooking_IDT\Sys\rk_interrupt.c(146) : error C2065: 'idt_entries' : undeclared identifier
c:\driver_test\hoglund\13.hooking_IDT\Sys\rk_interrupt.c(147) : error C2275: 'IDTENTRY' : illegal use of this type as an expression
        c:\driver_test\hoglund\13.hooking_IDT\Sys\rk_interrupt.h(65) : see declaration of 'IDTENTRY'
c:\driver_test\hoglund\13.hooking_IDT\Sys\rk_interrupt.c(147) : error C2065: 'int2e_entry' : undeclared identifier
c:\driver_test\hoglund\13.hooking_IDT\Sys\rk_interrupt.c(152) : error C2224: left of '.LowIDTbase' must have struct/union type
c:\driver_test\hoglund\13.hooking_IDT\Sys\rk_interrupt.c(152) : error C2224: left of '.HiIDTbase' must have struct/union type
c:\driver_test\hoglund\13.hooking_IDT\Sys\rk_interrupt.c(154) : error C2109: subscript requires array or pointer type
c:\driver_test\hoglund\13.hooking_IDT\Sys\rk_interrupt.c(154) : error C2109: subscript requires array or pointer type
c:\driver_test\hoglund\13.hooking_IDT\Sys\rk_interrupt.c(160) : error C2109: subscript requires array or pointer type

Stop.
Compile errors: not linking c:\driver_test\hoglund\13.hooking_idt\sys directory ********************
